O B-artist I-artist O O B-playlist I-playlist O
O O O O B-party_size_number O O O O O O B-spatial_relation O B-poi O O B-restaurant_type O
O B-artist I-artist O B-playlist_owner B-playlist O O O O O O I-playlist
O O B-condition_description O B-state O B-timeRange I-timeRange O
O B-artist I-artist B-music_item O O O B-sort
O O O O O O B-movie_type I-movie_type O O B-spatial_relation I-spatial_relation
O O O O O O O B-sort I-sort B-restaurant_type O B-country
O O O O B-current_location O B-timeRange
O B-movie_name I-movie_name O B-timeRange O O B-object_location_type I-object_location_type
O B-timeRange I-timeRange O O O O O O O O O O
O B-movie_type O O O B-location_name I-location_name
O O B-object_type O B-object_name O I-object_name
O B-movie_name O I-movie_name
O O O O O B-restaurant_type O O B-cuisine O B-country O I-country O B-party_size_number
O O O O O B-object_type I-object_type B-object_name O I-object_name
O O B-condition_description B-condition_description I-condition_description O O B-current_location I-current_location O B-timeRange O
O O O B-object_name I-object_name B-object_type
O O O O O B-state I-state
O B-object_location_type I-object_location_type O O B-movie_name O O O O I-movie_name
B-restaurant_type O B-city B-timeRange I-timeRange O O B-party_size_number I-party_size_number
O O B-object_select B-object_type B-rating_value O B-best_rating B-rating_unit
O O B-music_item B-entity_name O O O I-entity_name O B-playlist_owner O
O O B-music_item O B-artist I-artist O B-playlist I-playlist O
O O B-object_type I-object_type
O O B-condition_description O B-city
O O O O O O B-timeRange I-timeRange O B-state
B-timeRange O I-timeRange O B-movie_name O I-movie_name
O O O O B-party_size_number O O B-sort O O O O O O
O O O B-artist B-music_item O O O B-year
O O O B-playlist I-playlist
O O B-music_item O B-playlist O I-playlist
O O B-object_name O I-object_name O B-rating_value B-rating_unit
O O B-year O
O B-movie_type O O B-spatial_relation
O B-entity_name I-entity_name O B-playlist O O O I-playlist O
O O B-object_type I-object_type O B-object_name O I-object_name
O B-object_name O O I-object_name B-rating_value O B-best_rating B-rating_unit
O O B-object_type I-object_type
O O O O O O B-city I-city O B-timeRange I-timeRange O
O B-timeRange I-timeRange O B-country
O O B-sort B-music_item O B-artist O I-artist O B-service
O B-object_name O O O O O O O O I-object_name B-rating_value O O B-best_rating
O O O O O B-year
O O O O O B-city I-city B-state
O O B-music_item O B-artist I-artist
O O O O O O O O O B-geographic_poi O O O O I-geographic_poi O B-timeRange O I-timeRange O
O O O B-artist I-artist
O O B-object_part_of_series_type B-rating_value O I-rating_value O B-rating_value
O O O O B-party_size_number O O B-restaurant_type O B-city
O O B-restaurant_type O B-country O B-party_size_number O
O B-playlist O O O O I-playlist
O O O O O B-restaurant_type O O B-cuisine O B-city O O O O B-party_size_number
O B-object_name O O I-object_name B-object_type I-object_type O O
O O B-restaurant_type O B-cuisine O B-timeRange I-timeRange O
O O B-object_type B-object_name O O O O O O O I-object_name O B-rating_value
O O O O B-party_size_number O O B-restaurant_type O O B-spatial_relation B-city
O B-object_select B-object_select B-object_type B-rating_value B-rating_unit
O O B-object_name I-object_name O O B-rating_value
O B-movie_name I-movie_name O B-location_name I-location_name
O O O B-object_name O I-object_name
O O O O O O B-city B-state O B-timeRange O O
O O B-condition_temperature O B-city
O O O B-music_item O B-playlist_owner O O B-playlist O I-playlist
O O O B-object_name B-object_name O I-object_name B-object_type
O O O B-entity_name O B-playlist_owner O O B-playlist
O O B-object_type O B-spatial_relation B-movie_type I-movie_type
O O O B-timeRange O O B-restaurant_type O B-party_size_number O O B-served_dish
O O B-sort B-music_item I-music_item O B-artist O O B-year
O O B-music_item O B-playlist I-playlist
B-restaurant_name O I-restaurant_name B-restaurant_type O B-timeRange I-timeRange O B-party_size_description O O O
O B-artist O B-playlist I-playlist
O O B-artist I-artist B-music_item O
O B-rating_value O O B-best_rating B-rating_unit O B-object_select B-object_type
O O B-object_type I-object_type O B-movie_type I-movie_type B-spatial_relation I-spatial_relation
O O O B-sort O O B-artist O I-artist
O B-music_item O B-playlist_owner B-playlist I-playlist O
O B-entity_name O O I-entity_name O B-playlist I-playlist
O B-object_select B-object_type O B-rating_value
O O O O O B-music_item O O B-year
O O O B-sort B-music_item O B-artist I-artist O B-service I-service
O O B-object_type I-object_type O B-object_name I-object_name
O B-object_name O O B-object_name O O I-object_name O B-rating_value
O B-artist I-artist O B-playlist_owner B-playlist O O I-playlist
O O O O O O O B-current_location I-current_location
O B-entity_name O O B-playlist I-playlist O
O O O O B-object_name I-object_name
O O O B-condition_temperature O O B-current_location I-current_location
O O B-artist I-artist B-music_item O O B-playlist O O I-playlist O
O O B-music_item O O B-playlist I-playlist O
O B-object_name O I-object_name
O B-playlist O O O B-artist I-artist
O O B-album O O B-service
O B-rating_value B-rating_unit O B-object_select B-object_type
O B-entity_name I-entity_name O B-playlist_owner B-playlist I-playlist O
O O O O O O O O O O O B-playlist O I-playlist
O O O B-movie_name O O I-movie_name O O B-location_name I-location_name
O O B-object_select B-object_part_of_series_type O B-rating_value
O B-artist I-artist B-music_item O B-playlist_owner B-playlist I-playlist
O O B-music_item B-artist O I-artist O B-playlist I-playlist
O O O B-object_name O I-object_name
O B-playlist O I-playlist O B-artist I-artist
O O B-object_name O I-object_name O B-service
O O O B-movie_name O I-movie_name O
O B-entity_name I-entity_name O B-playlist_owner B-playlist O O I-playlist O
O O O B-movie_name I-movie_name O O
B-object_name O O O O I-object_name O O O O O B-best_rating O O O O B-rating_value
O B-playlist_owner B-playlist O O B-playlist O O O I-playlist
O O B-artist I-artist
O O B-music_item O B-playlist
O O O O O B-timeRange O
O O O B-service
O O O B-artist I-artist B-music_item O B-playlist_owner B-playlist O O I-playlist O
O O O B-condition_description O B-timeRange I-timeRange O B-city I-city B-state
O O O B-object_type I-object_type B-object_name O O I-object_name
O O O O O O B-condition_temperature O B-country O O
O O B-condition_description O B-country
O O B-object_type I-object_type O B-object_name O O I-object_name
O O B-object_type I-object_type O B-object_name O I-object_name
O O B-music_item B-track O O O I-track O B-artist I-artist
O B-entity_name O O B-playlist I-playlist O
O O O O B-restaurant_name I-restaurant_name
O O O O O B-current_location I-current_location O O O B-timeRange O O
O O O O O B-object_type B-object_name B-object_name O O O I-object_name
O O O O B-object_name O O O I-object_name B-rating_value B-rating_unit O O O O O B-best_rating
O O O O O B-object_select B-object_part_of_series_type O B-rating_value O O B-best_rating B-rating_unit
O B-artist I-artist O B-playlist O I-playlist
O O B-restaurant_type O O B-served_dish I-served_dish B-spatial_relation B-poi I-poi O B-party_size_number O
O B-condition_description O B-spatial_relation O B-country
O O B-restaurant_type O B-party_size_number O O B-timeRange I-timeRange O B-country O O O I-country
O O B-object_type O B-movie_type O B-timeRange O B-location_name O I-location_name
O O B-condition_description O O B-state O I-state
O O B-object_type I-object_type
O B-object_name O O I-object_name B-rating_value O O B-best_rating
O O O O O B-city
O O O B-music_item O B-year
O O O B-object_name O I-object_name
O O B-object_select B-object_type B-rating_value B-rating_unit O O B-best_rating
O O B-movie_name O O O
O O B-music_item O B-playlist O O O I-playlist
O B-track I-track
O O O O O B-timeRange O I-timeRange O B-city I-city O B-condition_temperature O
O O O O O B-restaurant_type I-restaurant_type O O O O O B-party_size_number O B-state
O O O B-service O B-artist I-artist
O B-entity_name O O O O O
O O B-object_type I-object_type B-object_name O I-object_name
O B-artist I-artist O B-playlist_owner I-playlist_owner B-playlist I-playlist
O O O O O O O O B-geographic_poi I-geographic_poi
O O O O O B-city O
O O B-movie_name O I-movie_name B-location_name I-location_name
O O O O O O B-country O O I-country O B-timeRange I-timeRange O
O B-movie_type I-movie_type O O B-spatial_relation O I-spatial_relation
O O O O O O B-timeRange I-timeRange O O
O O B-music_item B-track O O I-track
O B-artist I-artist B-music_item O
O O O O B-music_item O B-playlist_owner B-playlist O I-playlist O
O B-timeRange O O O O B-current_location O O O B-condition_temperature
O O O O O B-object_name I-object_name B-object_type
O B-artist O I-artist B-playlist_owner I-playlist_owner O O B-playlist I-playlist O
O O B-artist I-artist O O B-year
O O O B-spatial_relation B-poi O O I-poi O O B-sort I-sort O O B-cuisine I-cuisine B-restaurant_type
O O B-movie_name O O O O I-movie_name O
O O B-condition_description O B-geographic_poi O O O I-geographic_poi
O B-object_select B-object_type O B-rating_value
O O O O O O B-restaurant_type B-spatial_relation B-city O B-party_size_number O O O B-served_dish O B-timeRange
O O B-sort I-sort O O B-timeRange B-timeRange O I-timeRange O O O
O O O B-location_name I-location_name O B-country O B-movie_name O I-movie_name
O O B-music_item B-artist B-artist I-artist O B-playlist_owner B-playlist O O O I-playlist O B-playlist O
O O B-object_type O B-object_name I-object_name
O O O O B-party_size_number O B-timeRange O B-state
O O O O B-object_type I-object_type
O O B-restaurant_type O B-party_size_number O B-timeRange O
O O O O O O B-movie_type O O O B-object_type I-object_type B-spatial_relation
O O O O O O B-party_size_number O O B-city O
O O B-object_type I-object_type O B-location_name I-location_name
O O B-object_type O O B-object_name O I-object_name
O O B-sort B-music_item O O B-year
O B-entity_name I-entity_name O B-playlist_owner B-playlist O I-playlist O
O O B-condition_temperature O B-state
B-object_name O I-object_name O O O O B-rating_value O O B-best_rating B-rating_unit O O
O O O B-condition_description O B-state
O B-playlist O I-playlist
O O B-music_item O O B-year
O O O O O O B-state O B-timeRange O I-timeRange
O O O B-artist O B-playlist O I-playlist
O O O O O B-object_name I-object_name O B-object_name O O O B-object_type
O O O O O
O B-entity_name O O O I-entity_name O B-playlist_owner B-playlist I-playlist O
O O B-music_item O O B-playlist O
O O O O O O O B-restaurant_type B-spatial_relation B-country O O O O B-party_size_number O O O B-cuisine
B-playlist O O I-playlist O O O B-artist B-entity_name I-entity_name O O
O O B-object_select B-object_part_of_series_type B-rating_value B-rating_unit
O B-object_select B-object_type B-rating_value O B-best_rating
O O O B-object_name O O O O I-object_name O B-rating_value O O B-best_rating B-rating_unit
O O O O O O B-timeRange O O B-city I-city
O O O O O B-object_type B-movie_name O O B-movie_name O O O I-movie_name
O O B-service O B-artist I-artist B-music_item
O O O B-object_type I-object_type
O O O O O B-party_size_description O O I-party_size_description O B-country O O B-spatial_relation B-restaurant_type
O O B-sort I-sort B-music_item O B-artist I-artist O B-service I-service
O O O B-object_name B-object_type
O O B-artist I-artist B-music_item O O B-playlist I-playlist O
O O O B-condition_temperature O B-timeRange O I-timeRange O B-state I-state B-spatial_relation
O O O O O B-object_type I-object_type O B-object_name O I-object_name
O O O O O O O O O B-restaurant_type O O B-served_dish B-spatial_relation O O I-spatial_relation O B-country I-country
O O O O O O B-city
O O B-music_item O B-playlist_owner B-playlist I-playlist O
O B-object_select B-object_type B-rating_value O O B-best_rating
O O B-object_name I-object_name
O O B-object_type O B-movie_name O O O I-movie_name O O B-spatial_relation B-object_location_type I-object_location_type
O O O O O O B-city I-city B-country O B-timeRange O I-timeRange
O O O O O O B-state
O O B-sort B-music_item O B-year
O B-artist I-artist O O O B-service
O O O O B-object_type O O B-object_name I-object_name
O O O O O B-country O B-timeRange O
O B-artist I-artist B-music_item O B-playlist O O I-playlist O
O B-object_name O O I-object_name
O B-music_item B-artist O I-artist O B-playlist_owner B-playlist O I-playlist O
O O O O O O B-object_name
O O O O O B-city I-city
O O B-year O
O O B-object_type I-object_type O B-object_name I-object_name
O B-service O O B-artist O O I-artist B-track O O
O O O O O B-object_type I-object_type O B-location_name I-location_name
O O B-entity_name O O I-entity_name O O B-playlist_owner B-playlist O I-playlist O
O O B-sort B-music_item O B-artist I-artist O B-service I-service
O O O B-object_type I-object_type B-object_name O I-object_name
O O B-restaurant_name O O O I-restaurant_name O B-city B-state O B-timeRange O O
O O B-object_type O B-object_name O O I-object_name
O B-artist I-artist B-playlist_owner I-playlist_owner B-music_item O O O B-playlist_owner B-playlist I-playlist O
O B-movie_type I-movie_type O B-spatial_relation B-object_location_type I-object_location_type
O O B-object_type B-object_name O I-object_name
O O O O B-movie_name O I-movie_name O B-movie_name I-movie_name B-timeRange O O I-timeRange
O O O O B-timeRange O B-country O O O I-country O O B-restaurant_type
O O O O B-artist I-artist O B-sort B-year
O B-movie_type O O O B-spatial_relation B-object_location_type
O O O O O O B-city O O I-city B-country
O O O O O B-object_name O I-object_name B-object_type O
O O B-playlist_owner B-playlist O O I-playlist O B-artist I-artist
B-restaurant_type I-restaurant_type O B-country O B-party_size_number
O O O B-object_type I-object_type
O O O O B-party_size_description O O I-party_size_description O B-restaurant_name O I-restaurant_name O B-state I-state
O B-object_name O I-object_name B-object_type
O O B-object_type I-object_type O B-movie_type B-spatial_relation O I-spatial_relation
O O O O O O B-movie_name O B-object_location_type I-object_location_type O B-timeRange I-timeRange
O O B-album O I-album O B-artist I-artist
O O O O O O B-city B-state
O O B-genre O
O O B-object_select B-object_type B-rating_value O O B-best_rating
O B-object_select B-object_type B-rating_value B-rating_unit
O O O O O B-timeRange O O B-current_location I-current_location
O B-year O O B-artist O I-artist
O O O O O B-spatial_relation I-spatial_relation B-geographic_poi O O I-geographic_poi O B-timeRange O
O O B-sort O I-sort B-music_item B-artist
O B-track I-track O B-artist I-artist
O O B-object_type O B-movie_name O O O I-movie_name O O B-spatial_relation B-object_location_type B-timeRange O I-timeRange
O O B-object_name O O O I-object_name B-object_type
O O O O O B-object_select B-object_type B-rating_value O O B-best_rating B-rating_unit
O O B-object_type I-object_type O B-movie_type I-movie_type O B-timeRange O O I-timeRange B-spatial_relation O I-spatial_relation
O O B-object_type B-object_name O O I-object_name
O O B-music_item O O B-playlist I-playlist O
O O O B-spatial_relation B-object_location_type I-object_location_type O B-movie_name O I-movie_name O B-timeRange I-timeRange
O O O O O B-country O B-timeRange
O O O B-entity_name O O I-entity_name O O O O B-playlist I-playlist
O B-timeRange O O O O O O O O O O O O O O O O
O O O O O B-country B-timeRange O O I-timeRange O B-city B-condition_temperature
O O B-music_item O B-artist I-artist O B-playlist I-playlist
O O B-music_item O B-artist I-artist
O B-music_item O B-playlist
O O O O O O O O B-country
O O O B-service
O B-entity_name O I-entity_name O B-playlist_owner B-playlist O I-playlist O
O O O O O B-timeRange O O I-timeRange O O B-restaurant_type O B-party_size_number B-spatial_relation O O B-city O B-served_dish O I-served_dish
O O O O O B-restaurant_type I-restaurant_type O B-state
B-timeRange O O I-timeRange B-cuisine O O O O O O O O O O O O O O O
O O B-object_type I-object_type O B-object_name
O B-movie_type I-movie_type B-spatial_relation I-spatial_relation O O B-object_type I-object_type
O O O O B-party_size_number O O B-facility B-restaurant_type I-restaurant_type O B-country
O O O B-object_name O O I-object_name B-rating_value B-rating_unit O O O O O B-best_rating
O O O O O B-timeRange I-timeRange O O O O O O O
O B-object_name O O O I-object_name
O O O O O B-party_size_number O O B-restaurant_type O B-state I-state
O O O B-movie_name O I-movie_name O
O O O O B-condition_description O B-city I-city B-country
O O B-sort B-music_item O O B-artist
O O B-movie_type I-movie_type O O B-location_name O I-location_name
O O B-object_select B-object_type O B-rating_value
O O O O B-entity_name I-entity_name O B-playlist_owner O O B-playlist
O B-object_select B-object_type O B-rating_value B-rating_unit
O O O O O O B-city I-city B-state O B-timeRange I-timeRange
O O O O O B-object_type O B-object_name I-object_name
O O O B-artist I-artist O B-playlist_owner B-playlist I-playlist O
O B-music_item O B-playlist_owner O B-playlist I-playlist
O B-movie_type O O O B-spatial_relation O I-spatial_relation
O O O B-movie_type O O O B-location_name I-location_name
O B-entity_name O O O O I-entity_name O O B-playlist I-playlist O
O B-object_type I-object_type
O O B-object_type B-object_name O O I-object_name O B-rating_value
O B-artist I-artist O B-album O O I-album
O O B-music_item O O B-playlist O I-playlist O
O O O O B-music_item O B-artist I-artist O B-playlist_owner O O B-playlist O I-playlist
O B-object_type I-object_type
O O B-object_type I-object_type O O
O B-entity_name I-entity_name O B-playlist_owner B-playlist O O I-playlist O
O O O B-condition_temperature B-current_location B-timeRange O I-timeRange
O O B-country
O O O O B-object_name O I-object_name O B-rating_value
O O O O O B-object_type B-object_name I-object_name
O B-state O O O B-condition_temperature O B-timeRange I-timeRange
O B-object_name O I-object_name B-rating_value B-rating_unit
O O B-object_select B-object_type B-rating_value O B-best_rating B-rating_unit
O O O O O B-party_size_number O O B-restaurant_type O B-cuisine O O B-state O B-timeRange O O I-timeRange
O B-object_name O O O I-object_name O O
O O O O B-sort B-music_item O B-year
O O B-cuisine B-restaurant_type O B-party_size_description O O I-party_size_description
O O O O O B-condition_description B-timeRange O O I-timeRange O B-country
O O B-object_name O O O B-object_name O O O I-object_name B-object_type
O B-playlist I-playlist
O O O O O O B-state
O B-movie_name I-movie_name
O O O B-spatial_relation B-object_location_type I-object_location_type O B-movie_name O O O I-movie_name
O O O O B-object_type I-object_type O B-location_name I-location_name
O O O O O B-party_size_number O O B-sort B-restaurant_type B-timeRange O O I-timeRange O B-country
O B-artist I-artist O B-service
O B-object_name O O I-object_name O B-object_type
O B-album O O O O I-album B-music_item
O O B-party_size_number O O B-sort B-restaurant_type I-restaurant_type
O O O O O B-party_size_number O O O B-spatial_relation B-state B-restaurant_type B-timeRange O O I-timeRange
O O B-condition_description B-timeRange O B-state
O O O B-object_type B-object_name O B-object_name O O O I-object_name
O B-object_type I-object_type
O B-object_type I-object_type O O O O
O O O O O B-state O B-timeRange
O O O B-music_item O B-playlist_owner B-playlist I-playlist O
O O O B-restaurant_type O
O B-object_name B-object_name O I-object_name O O
O B-track O O I-track O B-artist I-artist
O B-object_name O O O O O I-object_name
O B-object_type I-object_type O B-movie_type O B-spatial_relation I-spatial_relation
O O O O O B-object_type I-object_type O B-object_name O O O O I-object_name
O B-artist I-artist O B-playlist_owner B-playlist I-playlist O
O O B-condition_description O O O O B-year
O O B-music_item O B-playlist_owner B-playlist I-playlist O
O B-music_item O B-playlist O I-playlist O
O O O B-object_name O O O I-object_name B-timeRange O I-timeRange
O B-rating_value O O B-best_rating B-rating_unit O O B-object_select B-object_type
O O O O O O B-restaurant_type O B-party_size_number B-timeRange O O O I-timeRange O B-city
O O B-service I-service O O O B-year B-music_item O B-album
O O O B-spatial_relation B-object_location_type O B-movie_name O O O I-movie_name
O O O O O O O B-object_type B-object_name B-object_name O O O O O I-object_name
O B-movie_type O B-spatial_relation I-spatial_relation
O O B-restaurant_type B-spatial_relation O B-poi
O B-object_name O I-object_name O O
O O B-track O I-track
O O B-object_type I-object_type O B-object_name
O B-movie_name I-movie_name O O O O B-location_name O I-location_name
O O B-object_select B-object_type B-rating_value B-rating_unit
O O B-timeRange I-timeRange B-current_location
O B-movie_type I-movie_type O O O O B-spatial_relation B-object_location_type I-object_location_type
O B-object_select B-object_type B-rating_value O B-best_rating B-rating_unit
O O O O O B-movie_name O O I-movie_name
B-city O O O O O O O O O O O
O O O B-object_type O B-movie_type B-spatial_relation O I-spatial_relation
O O O O B-party_size_number O O B-country O O I-country
O O O B-object_name O O I-object_name O O O O B-best_rating O O O O B-rating_value
O B-movie_type I-movie_type O O B-spatial_relation
O O O O B-condition_description B-current_location O B-timeRange
O O O O O B-object_part_of_series_type O O O I-object_part_of_series_type B-rating_value B-rating_unit
O O O O O O O O O B-movie_name O O O O B-movie_name O O I-movie_name O B-location_name I-location_name
O B-track B-track O I-track O B-artist I-artist
O O O O B-restaurant_name O O O O I-restaurant_name B-spatial_relation O B-poi
O B-entity_name O B-playlist_owner B-playlist O I-playlist O
O O O B-object_name O I-object_name B-object_type
O O B-restaurant_type O B-state O O B-cuisine
O O O O B-object_select B-object_type B-rating_value B-rating_unit O O O O O B-best_rating
O O O O O B-cuisine B-restaurant_type O B-state O B-party_size_description O O O I-party_size_description
O B-condition_description O O O O O B-geographic_poi O O O I-geographic_poi
O B-music_item O B-playlist I-playlist O
O O O O O B-sort B-cuisine B-restaurant_type O B-spatial_relation O O O O
O O O O O B-party_size_number
O O B-music_item O B-playlist_owner B-playlist O
O B-object_select B-object_type O B-rating_value
O O O O O O B-timeRange I-timeRange B-spatial_relation O I-spatial_relation B-spatial_relation B-geographic_poi O O O I-geographic_poi
O O O O O B-city O B-timeRange O O O O O O O O O O
O O O O O B-party_size_number O B-restaurant_name I-restaurant_name O B-country
O O O O O B-object_type B-object_name O I-object_name
O O O O O O O O B-party_size_number O B-timeRange
O O O O O O O O O O O O O O O O
O O O B-restaurant_type O B-party_size_number O B-city
O O O O O O B-party_size_number B-timeRange O I-timeRange O B-restaurant_name I-restaurant_name O O
O O B-object_location_type I-object_location_type O B-timeRange O B-movie_name B-movie_name O I-movie_name
O O O B-object_name O O O O O O O I-object_name B-object_type I-object_type
O O O O B-spatial_relation O B-poi B-timeRange O O I-timeRange
O B-playlist_owner O B-playlist O O O B-playlist O I-playlist
O O O B-object_name I-object_name B-object_type I-object_type
O B-object_type I-object_type
O B-playlist O
O O O B-movie_type I-movie_type O O O O O B-spatial_relation B-object_location_type I-object_location_type
O O O O O O B-object_type B-object_name I-object_name
O O O B-movie_name I-movie_name O O O B-object_location_type I-object_location_type
O O B-object_type B-track I-track
O O O O O B-condition_temperature O B-geographic_poi O O I-geographic_poi
O O B-music_item O B-playlist_owner I-playlist_owner B-playlist I-playlist O
O O B-music_item O B-artist O B-artist
O O B-object_name O B-object_name O I-object_name O B-rating_value O B-best_rating
O O O B-movie_name O B-movie_name O O I-movie_name O O O B-object_location_type I-object_location_type
O B-artist I-artist O B-playlist_owner B-playlist O O I-playlist O
O O O O O B-object_name O I-object_name
O O O B-location_name I-location_name O O B-movie_name I-movie_name
O O O B-condition_description O B-geographic_poi B-geographic_poi I-geographic_poi
O B-artist I-artist O O B-service O O B-sort
O B-object_name O O O I-object_name O O O O
O O O B-object_type I-object_type B-object_name O I-object_name
O O O O O B-object_type I-object_type O O
O O B-music_item B-object_name O O O I-object_name
O O O B-object_name I-object_name B-rating_value B-rating_unit O O B-best_rating
O B-playlist O O O I-playlist
O B-artist O B-playlist_owner B-playlist I-playlist O
O B-artist O I-artist O B-playlist_owner B-playlist I-playlist O
O O O B-movie_name O I-movie_name O O B-location_name I-location_name
O B-entity_name O B-playlist_owner B-playlist O O I-playlist O
O B-object_part_of_series_type B-object_name O I-object_name B-rating_value B-rating_unit O O
O B-object_name B-object_name O I-object_name
O O O B-spatial_relation B-object_location_type I-object_location_type O B-movie_name O O O O I-movie_name
O B-music_item O O B-artist I-artist O B-service O O B-sort
O O B-object_type B-object_name O I-object_name
O O B-sort B-restaurant_type O B-cuisine O
O B-movie_type I-movie_type O O B-spatial_relation O I-spatial_relation O O
O O O O O O B-object_type B-object_name O I-object_name
O O O O O O O B-sort B-restaurant_type
O O O O O B-condition_temperature O B-country I-country B-timeRange O I-timeRange
O O O O O B-restaurant_type O B-party_size_number B-spatial_relation B-city
O B-object_name O I-object_name B-rating_value O B-best_rating B-rating_unit
O B-object_type B-object_name O I-object_name O O B-rating_value B-rating_unit O O I-rating_unit
O O O O O B-restaurant_type O B-city B-state
O O O O B-object_name O I-object_name O O O
O O O O O O B-restaurant_type I-restaurant_type O O B-cuisine
O O B-music_item O B-artist I-artist O B-playlist_owner B-playlist O O I-playlist O
O O B-artist I-artist O B-playlist_owner B-playlist O O I-playlist O
O O O O O B-country
O B-object_select B-object_type O B-rating_value
O B-playlist B-artist O I-artist B-music_item O B-playlist_owner O O B-playlist O I-playlist
O O O O B-condition_description B-timeRange I-timeRange O B-state
O B-movie_name O O I-movie_name O O O B-spatial_relation B-object_location_type O B-timeRange
O O O O O O B-movie_type I-movie_type B-spatial_relation O I-spatial_relation
O O B-object_type I-object_type B-object_name O I-object_name
O O O O O B-poi O I-poi O B-spatial_relation I-spatial_relation O O O O B-party_size_number
O O O O O O B-playlist O I-playlist O B-playlist_owner O B-music_item
O O O O O B-restaurant_type O B-party_size_number O B-city
O O O O B-object_type I-object_type B-object_name I-object_name
O O B-artist I-artist B-music_item I-music_item O O B-year O B-service
O O O O O O O B-sort B-restaurant_type O B-country O O O O B-party_size_number
O O O O O O B-current_location I-current_location O B-timeRange I-timeRange
O B-object_name I-object_name B-rating_value B-rating_unit O O B-best_rating
B-timeRange O I-timeRange O O O O O O O O
O B-condition_temperature O O O O B-state O B-timeRange I-timeRange
O O O O O B-entity_name O B-playlist O O O O I-playlist
O O O B-condition_temperature O B-city B-state
O B-artist O B-playlist_owner O O I-playlist_owner O
O O O O O O B-country O B-timeRange O
O B-object_type I-object_type O B-object_name O O O O O O I-object_name
O B-artist I-artist O B-service O O O B-music_item O O O B-sort
O O B-entity_name I-entity_name O B-playlist_owner O B-playlist O I-playlist
O O O O B-state
O O O B-object_part_of_series_type O O O O O O O O O
O B-entity_name O B-playlist I-playlist
O O O B-condition_description O O B-city O
O B-object_name O O I-object_name B-rating_value O B-best_rating
O O B-condition_description O B-city
O O O B-artist I-artist B-music_item
O O B-object_type I-object_type B-object_name O I-object_name
O O O O O B-artist I-artist B-music_item I-music_item
O O O O O B-condition_description O B-current_location B-timeRange O O I-timeRange
O O O O B-restaurant_name O I-restaurant_name O B-party_size_number O B-timeRange O O
O O B-object_type O B-object_name O B-object_name O I-object_name
O B-object_name I-object_name B-rating_value O O B-best_rating
O O B-music_item O B-playlist_owner B-playlist O O O I-playlist O
O B-object_name B-object_name O O O I-object_name
O O B-year B-music_item I-music_item O B-service
O O B-state O O B-timeRange
O O B-music_item O B-artist I-artist
O O O B-condition_description O B-country
O O O O O B-timeRange O O O O O
O O O O O O O O B-music_item O B-playlist_owner B-playlist I-playlist O
O B-object_name O I-object_name B-object_type
O O O B-object_type I-object_type O B-location_name I-location_name
O O O B-object_type I-object_type
O B-entity_name O I-entity_name O B-playlist_owner I-playlist_owner B-playlist I-playlist O
O B-music_item O B-artist B-artist I-artist
O B-rating_value B-rating_unit O B-object_select B-object_type
O B-entity_name I-entity_name O O O O O O O
O B-entity_name O O I-entity_name O B-playlist_owner B-playlist I-playlist O
O O O B-timeRange O O B-state I-state
O B-entity_name O B-playlist_owner B-playlist I-playlist O
O O O B-object_type O O O B-object_name
O B-artist O I-artist O B-playlist I-playlist
O O B-object_location_type O O B-movie_name O I-movie_name O O O O
O O B-entity_name I-entity_name O B-playlist_owner O B-playlist O I-playlist
O B-artist I-artist B-music_item O B-playlist O O O I-playlist
O O B-music_item O B-artist O B-playlist_owner B-playlist I-playlist O
O O O O B-condition_description B-timeRange O B-city
O B-object_select B-object_type O B-rating_value O O B-best_rating
O O B-object_type I-object_type O B-movie_type I-movie_type B-spatial_relation O B-timeRange I-timeRange
O B-artist O I-artist O B-playlist_owner B-playlist O O O I-playlist O
O B-object_select B-object_part_of_series_type O B-rating_value
O O O O O B-restaurant_type O O B-facility O O O O O O B-party_size_number
O O O B-movie_name I-movie_name O
O O B-restaurant_name I-restaurant_name O B-city B-state
O B-movie_type O O B-location_name I-location_name
O B-object_name O O O O I-object_name B-rating_value O B-best_rating
O O O O O B-movie_name I-movie_name
O O O O B-service
O O O O B-object_name O I-object_name B-rating_value O O B-best_rating
O B-music_item O B-playlist_owner B-playlist I-playlist O
O O O O O O B-spatial_relation B-country
O O O O B-movie_name B-movie_name O O O I-movie_name
O O B-genre O O B-genre
O B-artist O I-artist O B-playlist_owner B-playlist I-playlist O
O B-entity_name I-entity_name O B-playlist I-playlist
O O O O B-poi I-poi B-restaurant_type B-spatial_relation O B-timeRange B-timeRange O O I-timeRange
O O O O O B-object_type O B-object_name I-object_name
O O B-movie_type O B-location_name I-location_name
O O B-object_select B-object_part_of_series_type B-object_part_of_series_type B-rating_value O O B-best_rating B-rating_unit
O O O O B-object_type I-object_type
O O O O B-entity_name I-entity_name O B-playlist_owner B-playlist O O O I-playlist O
O O B-genre O B-service
O O O B-condition_temperature O O B-country O I-country
O O B-object_name I-object_name O B-object_name O O O O I-object_name
O B-rating_value O O O B-playlist I-playlist
O O O B-object_type I-object_type B-object_name O O B-object_name
O B-movie_type O O O O B-spatial_relation B-object_location_type
O O B-music_item O B-artist I-artist O B-playlist_owner I-playlist_owner B-playlist O O I-playlist O
O O O O O B-object_type I-object_type B-object_name O O I-object_name
O O O O O B-party_size_number O O B-sort I-sort B-restaurant_type O B-country
O O O O B-condition_description O B-city
O O B-music_item O B-playlist O O O O I-playlist O
O O O O B-movie_type O O O O O O
O O O O O O B-album B-spatial_relation O B-artist I-artist
O O O O O O B-city
O O O O B-city O B-timeRange I-timeRange O O B-sort I-sort B-cuisine B-restaurant_type
O O O B-year B-music_item I-music_item
O O O O B-object_name O O I-object_name
O O O O B-artist O I-artist B-music_item O O O B-playlist O I-playlist O
O O O O B-object_type I-object_type O B-location_name I-location_name
O O O O O B-object_name O O I-object_name
O O O O O B-object_name I-object_name
O O O B-object_type B-object_name O I-object_name
O B-movie_name O O I-movie_name O
O O O O B-object_type I-object_type
O B-object_name O I-object_name B-rating_value
O O O O O B-music_item O O B-playlist O I-playlist O
O O B-music_item O B-playlist_owner B-playlist I-playlist O
O O B-music_item O B-artist I-artist O B-service
O O B-condition_description O O B-city I-city
O B-rating_value B-rating_unit O B-object_name O I-object_name
O O B-music_item O B-playlist_owner B-playlist I-playlist O
O O O O B-object_type I-object_type
O O O O O B-movie_name
O B-object_type I-object_type O B-location_name I-location_name
O B-movie_type O O B-spatial_relation O I-spatial_relation
O O O B-playlist O B-service
O O O O O O O B-timeRange I-timeRange O O O
O B-movie_type I-movie_type O O B-spatial_relation O I-spatial_relation O O
O O O O B-restaurant_name O O I-restaurant_name O O B-spatial_relation B-state
O O O O O B-object_name O O O O I-object_name B-object_type
O B-artist I-artist O B-playlist O O O I-playlist
O O B-music_item B-object_name I-object_name
O O O O O B-object_name B-object_name O I-object_name B-object_type I-object_type
O O B-music_item O B-playlist_owner B-playlist O I-playlist O
O O O O O B-object_type O B-object_name O O I-object_name
O B-object_type I-object_type O B-location_name I-location_name
O O O B-condition_temperature O B-timeRange O B-city B-country
O O O O O B-city I-city
O B-object_name I-object_name B-object_type
O O O O O B-restaurant_name I-restaurant_name O B-served_dish O O O O O O O
O O O B-state O O B-city I-city
O O O O O B-sort B-restaurant_type B-timeRange I-timeRange O O O O
O O O B-condition_temperature O O B-current_location I-current_location B-timeRange O I-timeRange
O O B-object_name I-object_name
O O O O O O B-spatial_relation B-state B-timeRange O O I-timeRange
O O O B-condition_temperature O B-timeRange O B-city I-city B-state
O O O O O B-timeRange I-timeRange O O B-country
O B-music_item O B-playlist_owner B-playlist O I-playlist O
O O O O O O B-sort B-restaurant_type I-restaurant_type O B-cuisine O B-spatial_relation O O I-spatial_relation O B-state O B-party_size_description O O O I-party_size_description
O O O O O O B-object_type B-object_name O O I-object_name
O B-object_select B-object_part_of_series_type B-rating_value O O B-best_rating
O B-object_name O O O I-object_name
O O B-restaurant_type B-spatial_relation I-spatial_relation B-poi O O O I-poi O B-served_dish B-timeRange O O I-timeRange
O O B-music_item O B-playlist O I-playlist
O O O B-object_type I-object_type B-timeRange
O O O O O O B-sort I-sort B-restaurant_type O B-served_dish B-spatial_relation B-state B-timeRange I-timeRange
O O B-object_name O O I-object_name
O O B-condition_temperature O B-timeRange O O O O O O
O O O O B-party_size_number O O O
O O B-year B-music_item
O O O B-object_type O B-movie_name O O I-movie_name O B-object_location_type B-spatial_relation
O O B-sort I-sort B-music_item O O B-year O B-artist I-artist
O O O B-object_type O B-object_name O I-object_name
O O O O O B-country I-country O B-party_size_number O B-restaurant_name I-restaurant_name
O O O O O O B-restaurant_type O B-state I-state O
O O O B-condition_temperature B-spatial_relation O O I-spatial_relation O B-state
O O B-object_select B-object_type B-rating_value O O B-best_rating B-rating_unit
O O O O O B-condition_temperature B-spatial_relation B-geographic_poi O I-geographic_poi
O O B-object_select B-object_part_of_series_type O O B-rating_value O B-best_rating B-rating_unit
O O O O O B-object_type I-object_type B-object_name O O I-object_name
O O B-object_select B-object_type O B-rating_value
O B-object_select B-object_type B-rating_value O B-best_rating B-rating_unit
O O O O O B-condition_temperature O B-timeRange I-timeRange O B-state
O O O O O B-city
O B-entity_name O I-entity_name O B-playlist O I-playlist
O O O O O O B-geographic_poi O I-geographic_poi B-timeRange O O I-timeRange
O O B-artist I-artist B-music_item O O B-playlist I-playlist O
O B-object_name O O I-object_name B-rating_value O B-best_rating B-rating_unit
O O O O B-object_name I-object_name
B-object_select B-object_type O O B-rating_value
O O O B-object_type I-object_type
O B-music_item O B-playlist_owner B-playlist I-playlist
O O B-object_type B-object_name
O O B-object_name I-object_name B-object_type
O B-artist I-artist B-music_item B-object_name O I-object_name
O O O O O B-restaurant_type B-spatial_relation O I-spatial_relation O B-state
O O B-object_name O O I-object_name B-object_type
O B-object_type I-object_type O B-location_name O I-location_name
O B-entity_name I-entity_name O B-playlist_owner I-playlist_owner B-playlist O O O O I-playlist
O B-object_select B-object_type O B-rating_value
O O B-object_type B-object_name I-object_name
O B-object_name O O I-object_name O O
O O B-year B-music_item O B-artist I-artist
O O B-object_type O B-object_name O O I-object_name
O O B-artist B-music_item
O O O O B-artist I-artist O O O O B-year
O O B-restaurant_type O B-city
O B-object_name O O I-object_name B-rating_value O B-best_rating
O B-genre I-genre O
O O O B-object_type O B-object_name O O O I-object_name
O O O B-condition_description O O B-spatial_relation O B-state
O O O O O O O B-facility B-restaurant_type O O O O B-party_size_number
O O B-movie_name O I-movie_name O
O B-track O B-track
O B-music_item O B-playlist I-playlist
O B-object_select B-object_type B-rating_value B-rating_unit
O O O O B-object_select B-object_type I-object_type B-rating_value O O B-best_rating B-rating_unit
O B-music_item B-artist I-artist O O O O O O B-sort
O O O B-condition_description O O B-city B-state O B-timeRange I-timeRange
O B-entity_name I-entity_name O B-playlist I-playlist
O O O B-movie_type B-object_type I-object_type B-spatial_relation
O O O O O O O O B-year
O O O O B-party_size_number O B-timeRange I-timeRange
O O O O B-object_name O O I-object_name
O O O B-artist I-artist O O O B-album O O I-album B-music_item O B-service I-service
O O O B-condition_description O B-city I-city
O O O O B-party_size_description O O O O O O O O
O O B-artist I-artist B-music_item O B-playlist_owner B-playlist I-playlist
O O O O O B-music_item O B-playlist I-playlist
O B-object_name O O I-object_name B-rating_value B-rating_unit
O O B-restaurant_type O O B-cuisine O B-party_size_number O B-party_size_number
O O B-object_type I-object_type B-object_name O I-object_name
O B-object_name I-object_name B-object_type
O O O B-condition_temperature O B-city I-city
O O O B-timeRange B-spatial_relation O O I-spatial_relation O B-state I-state
O O B-party_size_number O O B-state
O O O O O O O B-artist I-artist O B-playlist_owner B-playlist O O O I-playlist O
O O B-entity_name B-playlist I-playlist O B-playlist O O I-playlist
O O O O B-object_name O O I-object_name
O B-object_select B-object_type O O B-rating_value O
O O B-music_item O B-playlist O I-playlist
O O B-object_name O O O I-object_name
O O O O B-music_item O O O B-playlist O I-playlist
O O O O O O B-geographic_poi O I-geographic_poi B-timeRange O O O O O I-timeRange
O O O B-artist O O I-artist B-music_item O O B-playlist O I-playlist
O O O O B-entity_name I-entity_name O B-playlist O I-playlist
O O O B-object_type B-object_name O O O I-object_name
O O O B-spatial_relation B-object_location_type I-object_location_type O B-movie_name O O I-movie_name
O O B-artist I-artist B-music_item O B-playlist O O I-playlist
O O O O B-music_item O B-artist I-artist O B-playlist_owner I-playlist_owner B-playlist O I-playlist O
O O B-music_item I-music_item O B-artist O I-artist
O B-artist I-artist O B-playlist I-playlist
O O O O B-music_item O O B-year
O B-object_name O I-object_name
O O O O O B-object_type O B-object_name I-object_name
O B-object_name O I-object_name
O O B-music_item O B-playlist_owner B-playlist O
O O O O B-condition_description O B-city I-city B-state
O O B-object_type I-object_type O B-location_name O I-location_name
O O O O O B-object_type B-object_name I-object_name
O O O O O B-party_size_number O B-restaurant_name O I-restaurant_name O B-country I-country
O O B-object_type O B-object_name I-object_name B-rating_value B-rating_unit
O O B-restaurant_type O B-party_size_number O O B-timeRange I-timeRange
O O B-city B-state
O O O O O B-condition_description O B-timeRange I-timeRange O B-city I-city B-country
O O O O O O O O O B-country O B-party_size_description O O O O
O O B-object_type I-object_type O B-movie_type I-movie_type B-spatial_relation I-spatial_relation O B-timeRange O I-timeRange
O O B-object_select B-object_type B-object_name O O O I-object_name O B-rating_value O
O O B-genre I-genre
O O B-playlist_owner O B-playlist O O I-playlist B-music_item
O O B-object_type I-object_type O B-object_name I-object_name
O B-movie_name O O I-movie_name
O B-object_select B-object_type B-rating_value B-rating_unit O O B-best_rating
O B-artist I-artist O B-playlist_owner B-playlist O O I-playlist O
O B-object_select B-object_type B-rating_value O O B-best_rating